ToyC Compiler starts ...
Reading input from stdin, saved to temporary file: /var/folders/pq/ddnwngh16758bl60ph5qc8jh0000gn/T/stdin_input13363986607249122831.tc
Output directory: /Users/zhuzhuxusheng/ToyC-Compiler/output
Writing options to /Users/zhuzhuxusheng/ToyC-Compiler/output/options.yml
Writing log to /Users/zhuzhuxusheng/ToyC-Compiler/output/toyc.log
Writing analysis plan to /Users/zhuzhuxusheng/ToyC-Compiler/output/toyc-plan.yml
WorldBuilder starts ...
Building ToyC world...
Lexing file: /var/folders/pq/ddnwngh16758bl60ph5qc8jh0000gn/T/stdin_input13363986607249122831.tc
Lexing completed successfully
Parsing input...
Parsing completed successfully
Starting semantic analysis...
Semantic analysis passed
ToyC world built successfully with 1 functions
1 functions in the world
WorldBuilder finishes, elapsed time: 0.03s
cg starts ...
Call graph built with 1 functions and 0 call edges
Call graph has 1 reachable methods and 0 edges
Dumping call graph to /Users/zhuzhuxusheng/ToyC-Compiler/output/call-graph.dot
Dumping reachable methods to /Users/zhuzhuxusheng/ToyC-Compiler/output/reachable-functions.txt
Dumping call edges to /Users/zhuzhuxusheng/ToyC-Compiler/output/call-edges.txt
cg finishes, elapsed time: 0.02s
cfg starts ...
Dumping CFGs in /Users/zhuzhuxusheng/ToyC-Compiler/output/cfg
1 methods in scope (REACHABLE) of method analyses
cfg finishes, elapsed time: 0.01s
icfg starts ...
Dumping ICFG to /Users/zhuzhuxusheng/ToyC-Compiler/output/main() -> int-icfg.dot
icfg finishes, elapsed time: 0.00s
inter-const-prop starts ...
inter-const-prop finishes, elapsed time: 0.01s
const-fold starts ...
const-fold finishes, elapsed time: 0.00s
cg starts ...
Call graph built with 1 functions and 0 call edges
Call graph has 1 reachable methods and 0 edges
Dumping call graph to /Users/zhuzhuxusheng/ToyC-Compiler/output/call-graph.dot
Dumping reachable methods to /Users/zhuzhuxusheng/ToyC-Compiler/output/reachable-functions.txt
Dumping call edges to /Users/zhuzhuxusheng/ToyC-Compiler/output/call-edges.txt
cg finishes, elapsed time: 0.00s
cfg starts ...
Dumping CFGs in /Users/zhuzhuxusheng/ToyC-Compiler/output/cfg
cfg finishes, elapsed time: 0.00s
const-prop starts ...
const-prop finishes, elapsed time: 0.00s
live-var starts ...
live-var finishes, elapsed time: 0.00s
dead-code starts ...
dead-code finishes, elapsed time: 0.00s
dead-code-elim starts ...
dead-code-elim finishes, elapsed time: 0.00s
cg starts ...
Call graph built with 1 functions and 0 call edges
Call graph has 1 reachable methods and 0 edges
Dumping call graph to /Users/zhuzhuxusheng/ToyC-Compiler/output/call-graph.dot
Dumping reachable methods to /Users/zhuzhuxusheng/ToyC-Compiler/output/reachable-functions.txt
Dumping call edges to /Users/zhuzhuxusheng/ToyC-Compiler/output/call-edges.txt
cg finishes, elapsed time: 0.00s
cfg starts ...
Dumping CFGs in /Users/zhuzhuxusheng/ToyC-Compiler/output/cfg
1 methods in scope (REACHABLE) of method analyses
cfg finishes, elapsed time: 0.00s
icfg starts ...
Dumping ICFG to /Users/zhuzhuxusheng/ToyC-Compiler/output/main() -> int-icfg.dot
icfg finishes, elapsed time: 0.00s
inter-const-prop starts ...
inter-const-prop finishes, elapsed time: 0.00s
const-fold starts ...
const-fold finishes, elapsed time: 0.00s
cg starts ...
Call graph built with 1 functions and 0 call edges
Call graph has 1 reachable methods and 0 edges
Dumping call graph to /Users/zhuzhuxusheng/ToyC-Compiler/output/call-graph.dot
Dumping reachable methods to /Users/zhuzhuxusheng/ToyC-Compiler/output/reachable-functions.txt
Dumping call edges to /Users/zhuzhuxusheng/ToyC-Compiler/output/call-edges.txt
cg finishes, elapsed time: 0.00s
cfg starts ...
Dumping CFGs in /Users/zhuzhuxusheng/ToyC-Compiler/output/cfg
cfg finishes, elapsed time: 0.00s
const-prop starts ...
const-prop finishes, elapsed time: 0.00s
live-var starts ...
live-var finishes, elapsed time: 0.00s
dead-code starts ...
dead-code finishes, elapsed time: 0.00s
dead-code-elim starts ...
dead-code-elim finishes, elapsed time: 0.00s
ToyC Compiler finishes, elapsed time: 0.19s
AssemblyGeneration starts ...
Generating RISC-V assembly...
Assembly generated: /Users/zhuzhuxusheng/ToyC-Compiler/output/output.s
AssemblyGeneration finishes, elapsed time: 0.01s
